<?xml version="1.0" encoding="UTF-8" ?>
<testsuite tests="7" failures="0" name="com.sqa.qldiem.service.impl.SubjectServiceTest" time="1.287" errors="0" skipped="0">
  <properties>
[...]
</properties>
  <testcase classname="com.sqa.qldiem.service.impl.SubjectServiceTest" name="test1_GetAllSubject_success" time="1.069"/>
  <testcase classname="com.sqa.qldiem.service.impl.SubjectServiceTest" name="test2_FindSubjectByName_returnNull" time="0.025"/>
  <testcase classname="com.sqa.qldiem.service.impl.SubjectServiceTest" name="test2_FindSubjectByName_returnObject" time="0.024"/>
  <testcase classname="com.sqa.qldiem.service.impl.SubjectServiceTest" name="test3_AddSubject_success" time="0.042"/>
  <testcase classname="com.sqa.qldiem.service.impl.SubjectServiceTest" name="test4_UpdateSubject_fail" time="0.034"/>
  <testcase classname="com.sqa.qldiem.service.impl.SubjectServiceTest" name="test4_UpdateSubject_success" time="0.045"/>
  <testcase classname="com.sqa.qldiem.service.impl.SubjectServiceTest" name="test5_DeleteSubject_success" time="0.048"/>
</testsuite>