<?xml version="1.0" encoding="UTF-8" ?>
<testsuite tests="15" failures="1" name="com.sqa.qldiem.controller.UserControllerTest" time="2.122" errors="0" skipped="0">
  <properties>
[...]
</properties>
  <testcase classname="com.sqa.qldiem.controller.UserControllerTest" name="testDoGet_ActionNull_TabEqual1" time="0.165"/>
  <testcase classname="com.sqa.qldiem.controller.UserControllerTest" name="testDoGet_ActionNull_TabEqual2" time="0.19"/>
  <testcase classname="com.sqa.qldiem.controller.UserControllerTest" name="testDoGet_ActionNull_TabEqual3" time="0.235"/>
  <testcase classname="com.sqa.qldiem.controller.UserControllerTest" name="testDoGet_ActionEqualAddUserForm_UserNameNull_MessageNotNull" time="0.004"/>
  <testcase classname="com.sqa.qldiem.controller.UserControllerTest" name="testDoGet_ActionEqualAddUserForm_UserNameNotNull_MessageNotNull" time="0.083"/>
  <testcase classname="com.sqa.qldiem.controller.UserControllerTest" name="testDoGet_ActionNull_TabNull_TabSelectedNotNull" time="0.001"/>
  <testcase classname="com.sqa.qldiem.controller.UserControllerTest" name="testDoGet_ActionEqualAddUserForm_UserNameNull_MessageNull" time="0.006"/>
  <testcase classname="com.sqa.qldiem.controller.UserControllerTest" name="testDoPost_ActionEqualRemoveEmployee" time="0.352"/>
  <testcase classname="com.sqa.qldiem.controller.UserControllerTest" name="testDoPost_ActionEqualRemoveLecturer" time="0.315"/>
  <testcase classname="com.sqa.qldiem.controller.UserControllerTest" name="testDoPost_ActionEqualUpdateUser" time="0.145"/>
  <testcase classname="com.sqa.qldiem.controller.UserControllerTest" name="testDoPost_ActionEqualAddUser_UserNotExists" time="0.26">
    <failure message="expected:&lt;UserModel{userName=B17CN510, fullName=Minh Quang, password=123456, status=1, roleId=3, gender=1, address=Hà Nội, phone=0123456789, faculty=CNTT, dateOfBirth=1999-03-16, classroom=D17CNPM3}&gt; but was:&lt;null&gt;" type="java.lang.AssertionError">java.lang.AssertionError: expected:&lt;UserModel{userName=B17CN510, fullName=Minh Quang, password=123456, status=1, roleId=3, gender=1, address=Hà Nội, phone=0123456789, faculty=CNTT, dateOfBirth=1999-03-16, classroom=D17CNPM3}&gt; but was:&lt;null&gt;
	at org.junit.Assert.fail(Assert.java:89)
	at org.junit.Assert.failNotEquals(Assert.java:835)
	at org.junit.Assert.assertEquals(Assert.java:120)
	at org.junit.Assert.assertEquals(Assert.java:146)
	at com.sqa.qldiem.controller.UserControllerTest.testDoPost_ActionEqualAddUser_UserNotExists(UserControllerTest.java:248)
	at sun.reflect.NativeMethodAccessorImpl.invoke0(Native Method)
	at sun.reflect.NativeMethodAccessorImpl.invoke(NativeMethodAccessorImpl.java:62)
	at sun.reflect.DelegatingMethodAccessorImpl.invoke(DelegatingMethodAccessorImpl.java:43)
	at java.lang.reflect.Method.invoke(Method.java:498)
	at org.junit.runners.model.FrameworkMethod$1.runReflectiveCall(FrameworkMethod.java:59)
	at org.junit.internal.runners.model.ReflectiveCallable.run(ReflectiveCallable.java:12)
	at org.junit.runners.model.FrameworkMethod.invokeExplosively(FrameworkMethod.java:56)
	at org.junit.internal.runners.statements.InvokeMethod.evaluate(InvokeMethod.java:17)
	at org.junit.internal.runners.statements.RunBefores.evaluate(RunBefores.java:26)
	at org.junit.runners.ParentRunner$3.evaluate(ParentRunner.java:306)
	at org.junit.runners.BlockJUnit4ClassRunner$1.evaluate(BlockJUnit4ClassRunner.java:100)
	at org.junit.runners.ParentRunner.runLeaf(ParentRunner.java:366)
	at org.junit.runners.BlockJUnit4ClassRunner.runChild(BlockJUnit4ClassRunner.java:103)
	at org.junit.runners.BlockJUnit4ClassRunner.runChild(BlockJUnit4ClassRunner.java:63)
	at org.junit.runners.ParentRunner$4.run(ParentRunner.java:331)
	at org.junit.runners.ParentRunner$1.schedule(ParentRunner.java:79)
	at org.junit.runners.ParentRunner.runChildren(ParentRunner.java:329)
	at org.junit.runners.ParentRunner.access$100(ParentRunner.java:66)
	at org.junit.runners.ParentRunner$2.evaluate(ParentRunner.java:293)
	at org.junit.internal.runners.statements.RunAfters.evaluate(RunAfters.java:27)
	at org.junit.runners.ParentRunner$3.evaluate(ParentRunner.java:306)
	at org.junit.runners.ParentRunner.run(ParentRunner.java:413)
	at org.apache.maven.surefire.junit4.JUnit4Provider.execute(JUnit4Provider.java:252)
	at org.apache.maven.surefire.junit4.JUnit4Provider.executeTestSet(JUnit4Provider.java:141)
	at org.apache.maven.surefire.junit4.JUnit4Provider.invoke(JUnit4Provider.java:112)
	at sun.reflect.NativeMethodAccessorImpl.invoke0(Native Method)
	at sun.reflect.NativeMethodAccessorImpl.invoke(NativeMethodAccessorImpl.java:62)
	at sun.reflect.DelegatingMethodAccessorImpl.invoke(DelegatingMethodAccessorImpl.java:43)
	at java.lang.reflect.Method.invoke(Method.java:498)
	at org.apache.maven.surefire.util.ReflectionUtils.invokeMethodWithArray(ReflectionUtils.java:189)
	at org.apache.maven.surefire.booter.ProviderFactory$ProviderProxy.invoke(ProviderFactory.java:165)
	at org.apache.maven.surefire.booter.ProviderFactory.invokeProvider(ProviderFactory.java:85)
	at org.apache.maven.surefire.booter.ForkedBooter.runSuitesInProcess(ForkedBooter.java:115)
	at org.apache.maven.surefire.booter.ForkedBooter.main(ForkedBooter.java:75)
</failure>
  </testcase>
  <testcase classname="com.sqa.qldiem.controller.UserControllerTest" name="testDoGet_ActionNull_TabNull_TabSelectedNull" time="0"/>
  <testcase classname="com.sqa.qldiem.controller.UserControllerTest" name="testDoGet_ActionEqualAddUserForm_UserNameNotNull_MessageNull" time="0.092"/>
  <testcase classname="com.sqa.qldiem.controller.UserControllerTest" name="testDoPost_ActionEqualAddUser_UserExists" time="0.065"/>
  <testcase classname="com.sqa.qldiem.controller.UserControllerTest" name="testDoPost_ActionEqualRemoveStudent" time="0.209"/>
</testsuite>